<?xml version="1.0" encoding="UTF-8"?>
<!-- Generated by org.testng.reporters.JUnitReportReporter -->
<testsuite hostname="DESKTOP-VQN1EHS" failures="0" tests="1" name="com.org.testcases.BookManagementTest" time="1.242" errors="0" timestamp="2025-06-21T17:02:50 IST" skipped="0">
  <testcase classname="com.org.testcases.BookManagementTest" name="DashboardVerification" time="1.242">
    <system-out>
      <![CDATA[Web Page launched correctly.. 
<br>Dashboard elements matched, correct user logged in ]]>
    </system-out>
  </testcase> <!-- DashboardVerification -->
  <system-out>
    <![CDATA[Setting up reports and test is getting ready
Setting Done Test Can be started
Trying to start browser and getting application ready
Browser and application is up and running
Web Page launched correctly.. 
<br>Dashboard elements matched, correct user logged in 
Test about to end
Test Completed - Report Generated]]>
  </system-out>
</testsuite> <!-- com.org.testcases.BookManagementTest -->
