<?xml version="1.0" encoding="UTF-8"?>
<!-- Generated by org.testng.reporters.JUnitReportReporter -->
<testsuite hostname="DESKTOP-VQN1EHS" failures="0" tests="2" name="com.org.testcases.BookManagementTest" time="1.043" errors="0" timestamp="2025-06-21T20:17:15 IST" skipped="0">
  <testcase classname="com.org.testcases.BookManagementTest" name="addAuthor" time="0.478"/>
  <system-out>
    <![CDATA[<br>Bookstore elements matched, correct user logged in ]]>
  </system-out>
  <testcase classname="com.org.testcases.BookManagementTest" name="addBook" time="0.565"/>
  <system-out>
    <![CDATA[Web Page launched correctly.. 
<br>Dashboard elements matched, correct user logged in ]]>
  </system-out>
</testsuite> <!-- com.org.testcases.BookManagementTest -->
